/*C4*/SET SCHEMA PUBLIC
DISCONNECT
/*C5*/SET SCHEMA PUBLIC
DELETE FROM CONTRATOADOPCION_SEGUIMIENTOS WHERE CONTRATOADOPCION_ID='ff8081819f105542019f105599440001' AND FECHACONTACTO='2026-06-25 00:00:00.000000' AND NOTASESTADO='Ninguna' AND PROXIMAFECHASEGUIMIENTO IS NULL AND TIPOCONTACTO='LLAMADA'
INSERT INTO CONTRATOADOPCION_SEGUIMIENTOS VALUES('ff8081819f105542019f105599440001','2026-06-28 00:00:00.000000','Ninguna',NULL,'LLAMADA')
DELETE FROM CONTRATOADOPCION_SEGUIMIENTOS WHERE CONTRATOADOPCION_ID='ff8081819f105542019f105599440001' AND FECHACONTACTO='2026-06-28 00:00:00.000000' AND NOTASESTADO='Ninguna' AND PROXIMAFECHASEGUIMIENTO IS NULL AND TIPOCONTACTO='LLAMADA'
INSERT INTO CONTRATOADOPCION_SEGUIMIENTOS VALUES('ff8081819f105542019f105599440001','2026-06-28 00:00:00.000000','Ninguna',NULL,'LLAMADA')
COMMIT
INSERT INTO ANIMAL VALUES('ff8081819f108b65019f108c578b0000','',0,'Perro','RESCATADO','2026-06-24 00:00:00.000000','','Buddy','','','MACHO','ff8081819f0fecc5019f0fed23f40000')
COMMIT
INSERT INTO ENTRADACLINICA VALUES('ff8081819f108b65019f108d31010002','Ninguno',TRUE,'2026-06-25 00:00:00.000000','ENFERMEDAD_CRONICA','','ff8081819f108b65019f108c578b0000')
COMMIT
INSERT INTO TRATAMIENTOPROFILACTICO VALUES('ff8081819f108b65019f108d89610004','2026-06-26 00:00:00.000000',NULL,'Vacuna','VACUNA','ff8081819f108b65019f108c578b0000')
COMMIT
INSERT INTO TRATAMIENTOPROFILACTICO VALUES('ff8081819f108b65019f108db6ad0005','2026-06-27 00:00:00.000000',NULL,'Despara','DESPARASITANTE','ff8081819f108b65019f108c578b0000')
COMMIT
DELETE FROM ENTRADACLINICA WHERE ID='ff8081819f108b65019f108d31010002'
INSERT INTO ENTRADACLINICA VALUES('ff8081819f108b65019f108d31010002','Ninguno',FALSE,'2026-06-25 00:00:00.000000','ENFERMEDAD_CRONICA','','ff8081819f108b65019f108c578b0000')
COMMIT
DELETE FROM ANIMAL WHERE ID='ff8081819f108b65019f108c578b0000'
INSERT INTO ANIMAL VALUES('ff8081819f108b65019f108c578b0000','',0,'Perro','LISTO_PARA_ADOPCION','2026-06-24 00:00:00.000000','','Buddy','','','MACHO','ff8081819f0fecc5019f0fed23f40000')
INSERT INTO ANIMAL_LOGSESTADO VALUES('ff8081819f108b65019f108c578b0000','2026-06-28 18:26:04.998000','LISTO_PARA_ADOPCION','')
COMMIT
DELETE FROM ANIMAL WHERE ID='ff8081819f108b65019f108c578b0000'
INSERT INTO ANIMAL VALUES('ff8081819f108b65019f108c578b0000','',0,'Perro','ADOPTADO','2026-06-24 00:00:00.000000','','Buddy','','','MACHO','ff8081819f0fecc5019f0fed23f40000')
DELETE FROM ANIMAL_LOGSESTADO WHERE ANIMAL_ID='ff8081819f108b65019f108c578b0000' AND FECHACAMBIO='2026-06-28 18:26:04.998000' AND NUEVOESTADO='LISTO_PARA_ADOPCION' AND USUARIOASIGNO=''
INSERT INTO ANIMAL_LOGSESTADO VALUES('ff8081819f108b65019f108c578b0000','2026-06-28 18:26:04.998000','LISTO_PARA_ADOPCION','')
INSERT INTO ANIMAL_LOGSESTADO VALUES('ff8081819f108b65019f108c578b0000','2026-06-28 18:26:21.610000','ADOPTADO','Juan P\u00e9rez')
INSERT INTO CONTRATOADOPCION VALUES('ff8081819f108b65019f108e2faf0006','2026-06-28 00:00:00.000000','Juan','ff8081819f10508b019f10522f660000','ff8081819f108b65019f108c578b0000')
COMMIT
INSERT INTO CONTRATOADOPCION_SEGUIMIENTOS VALUES('ff8081819f108b65019f108e2faf0006','2026-06-23 00:00:00.000000','Ninguno',NULL,'VISITA_FISICA')
INSERT INTO CONTRATOADOPCION_SEGUIMIENTOS VALUES('ff8081819f108b65019f108e2faf0006',NULL,'',NULL,'LLAMADA')
COMMIT
DELETE FROM CONTRATOADOPCION_SEGUIMIENTOS WHERE CONTRATOADOPCION_ID='ff8081819f108b65019f108e2faf0006' AND FECHACONTACTO='2026-06-23 00:00:00.000000' AND NOTASESTADO='Ninguno' AND PROXIMAFECHASEGUIMIENTO IS NULL AND TIPOCONTACTO='VISITA_FISICA'
DELETE FROM CONTRATOADOPCION_SEGUIMIENTOS WHERE CONTRATOADOPCION_ID='ff8081819f108b65019f108e2faf0006' AND FECHACONTACTO IS NULL AND NOTASESTADO='' AND PROXIMAFECHASEGUIMIENTO IS NULL AND TIPOCONTACTO='LLAMADA'
INSERT INTO CONTRATOADOPCION_SEGUIMIENTOS VALUES('ff8081819f108b65019f108e2faf0006','2026-06-28 00:00:00.000000','Ninguno',NULL,'VISITA_FISICA')
DELETE FROM CONTRATOADOPCION_SEGUIMIENTOS WHERE CONTRATOADOPCION_ID='ff8081819f108b65019f108e2faf0006' AND FECHACONTACTO='2026-06-28 00:00:00.000000' AND NOTASESTADO='Ninguno' AND PROXIMAFECHASEGUIMIENTO IS NULL AND TIPOCONTACTO='VISITA_FISICA'
INSERT INTO CONTRATOADOPCION_SEGUIMIENTOS VALUES('ff8081819f108b65019f108e2faf0006','2026-06-28 00:00:00.000000','Ninguno',NULL,'VISITA_FISICA')
COMMIT
